nohup: ignoring input
[INFO] Scanning for projects...
[INFO] 
[INFO] ------------------< com.example:authenticationServer >------------------
[INFO] Building demo 0.0.1-SNAPSHOT
[INFO]   from pom.xml
[INFO] --------------------------------[ jar ]---------------------------------
[INFO] 
[INFO] >>> spring-boot:3.3.0:run (default-cli) > test-compile @ authenticationServer >>>
[INFO] 
[INFO] --- resources:3.3.1:resources (default-resources) @ authenticationServer ---
[INFO] Copying 1 resource from src/main/resources to target/classes
[INFO] Copying 0 resource from src/main/resources to target/classes
[INFO] 
[INFO] --- compiler:3.13.0:compile (default-compile) @ authenticationServer ---
[INFO] Nothing to compile - all classes are up to date.
[INFO] 
[INFO] --- resources:3.3.1:testResources (default-testResources) @ authenticationServer ---
[INFO] skip non existing resourceDirectory /opt/team-project/authenticationServer/src/test/resources
[INFO] 
[INFO] --- compiler:3.13.0:testCompile (default-testCompile) @ authenticationServer ---
[INFO] Nothing to compile - all classes are up to date.
[INFO] 
[INFO] <<< spring-boot:3.3.0:run (default-cli) < test-compile @ authenticationServer <<<
[INFO] 
[INFO] 
[INFO] --- spring-boot:3.3.0:run (default-cli) @ authenticationServer ---
[INFO] Attaching agents: []
  .   ____          _            __ _ _
 /\\ / ___'_ __ _ _(_)_ __  __ _ \ \ \ \
( ( )\___ | '_ | '_| | '_ \/ _` | \ \ \ \
 \\/  ___)| |_)| | | | | || (_| |  ) ) ) )
  '  |____| .__|_| |_|_| |_\__, | / / / /
 =========|_|==============|___/=/_/_/_/

 :: Spring Boot ::                (v3.3.0)

2025-06-29T05:07:43.060Z  INFO 252510 --- [demo] [           main] c.e.a.DemoApplication                    : Starting DemoApplication using Java 21.0.7 with PID 252510 (/opt/team-project/authenticationServer/target/classes started by root in /opt/team-project/authenticationServer)
2025-06-29T05:07:43.063Z  INFO 252510 --- [demo] [           main] c.e.a.DemoApplication                    : No active profile set, falling back to 1 default profile: "default"
2025-06-29T05:07:44.279Z  INFO 252510 --- [demo] [           main] o.s.b.w.embedded.tomcat.TomcatWebServer  : Tomcat initialized with port 8080 (http)
2025-06-29T05:07:44.298Z  INFO 252510 --- [demo] [           main] o.apache.catalina.core.StandardService   : Starting service [Tomcat]
2025-06-29T05:07:44.298Z  INFO 252510 --- [demo] [           main] o.apache.catalina.core.StandardEngine    : Starting Servlet engine: [Apache Tomcat/10.1.24]
2025-06-29T05:07:44.357Z  INFO 252510 --- [demo] [           main] o.a.c.c.C.[Tomcat].[localhost].[/]       : Initializing Spring embedded WebApplicationContext
2025-06-29T05:07:44.359Z  INFO 252510 --- [demo] [           main] w.s.c.ServletWebServerApplicationContext : Root WebApplicationContext: initialization completed in 1196 ms
Socket server listening on port 2000
2025-06-29T05:07:44.762Z  INFO 252510 --- [demo] [           main] o.s.b.w.embedded.tomcat.TomcatWebServer  : Tomcat started on port 8080 (http) with context path '/'
2025-06-29T05:07:44.771Z  INFO 252510 --- [demo] [           main] c.e.a.DemoApplication                    : Started DemoApplication in 2.26 seconds (process running for 2.649)
